 init_energy: itysol =            0
 init_energy: esol_scaling =  F
 init_molecule: Solvent:            0
 File with sequence is enkefa.seq
 enkefa.ann

 redvar> Met-Enkephalin: residue    2 Gly : omg set    180.000   Fixed
 redvar> Met-Enkephalin: residue    3 Gly : omg set    180.000   Fixed
 redvar> Met-Enkephalin: residue    4 Phe : omg set    180.000   Fixed
 redvar> Met-Enkephalin: residue    5 Met : omg set    180.000   Fixed
 redvar> Met-Enkephalin: residue    5 Met : omt set    180.000   Fixed
 redvar> Molecule Met-Enkephalin:    19 variable(s) remain unchanged
  
energy of start configuration:  0.75921E+09

 Energy after  equilibration:   11.0835755006373     
 acceptance rate:  0.181430817270775     

 last energy  -8.03108763810210     
      1 :   1 : x1  :   -168.428
      1 :   1 : x2  :     89.562
      1 :   1 : x6  :     -2.861
      1 :   1 : phi :   -112.654
      1 :   2 : psi :    156.420
      1 :   2 : omg :   -180.000  &
      1 :   2 : phi :   -174.567
      1 :   3 : psi :    146.718
      1 :   3 : omg :   -180.000  &
      1 :   3 : phi :     68.148
      1 :   4 : psi :    -96.563
      1 :   4 : omg :   -180.000  &
      1 :   4 : x1  :     59.864
      1 :   4 : x2  :    -83.907
      1 :   4 : phi :   -141.914
      1 :   5 : psi :     20.747
      1 :   5 : omg :   -180.000  &
      1 :   5 : x1  :     61.133
      1 :   5 : x2  :   -174.118
      1 :   5 : x3  :    176.917
      1 :   5 : x4  :   -178.096
      1 :   5 : phi :   -162.246
      1 :   5 : pst :    161.616
      1 :   5 : omt :   -180.000  &

 lowest energy ever found:       63297  -9.40635361798360     
